This file contains any messages produced by compilers while
running configure, to aid debugging if configure makes a mistake.

It was created by gaul-devel configure 0.1849, which was
generated by GNU Autoconf 2.59.  Invocation command line was

  $ ./configure 

## --------- ##
## Platform. ##
## --------- ##

hostname = szekeres-laptop
uname -m = i686
uname -r = 2.6.28-11-generic
uname -s = Linux
uname -v = #42-Ubuntu SMP Fri Apr 17 01:57:59 UTC 2009

/usr/bin/uname -p = unknown
/bin/uname -X     = unknown

/bin/arch              = unknown
/usr/bin/arch -k       = unknown
/usr/convex/getsysinfo = unknown
hostinfo               = unknown
/bin/machine           = unknown
/usr/bin/oslevel       = unknown
/bin/universe          = unknown

PATH: /opt/Xilinx/10.1/ISE/bin/lin
PATH: /opt/Xilinx/10.1/EDK/bin/lin
PATH: /usr/Impulse/CoDeveloper3/bin
PATH: /home/szekeres/matlab/bin
PATH: /usr/local/cuda/bin
PATH: /usr/local/sbin
PATH: /usr/local/bin
PATH: /usr/sbin
PATH: /usr/bin
PATH: /sbin
PATH: /bin
PATH: /usr/games


## ----------- ##
## Core tests. ##
## ----------- ##

configure:1565: checking build system type
configure:1583: result: i686-pc-linux-gnu
configure:1591: checking host system type
configure:1605: result: i686-pc-linux-gnu
configure:1613: checking target system type
configure:1627: result: i686-pc-linux-gnu
configure:1718: checking for a BSD-compatible install
configure:1773: result: /usr/bin/install -c
configure:1784: checking whether build environment is sane
configure:1827: result: yes
configure:1892: checking for gawk
configure:1921: result: no
configure:1892: checking for mawk
configure:1908: found /usr/bin/mawk
configure:1918: result: mawk
configure:1928: checking whether make sets $(MAKE)
configure:1948: result: yes
configure:2155: checking for gcc
configure:2171: found /usr/bin/gcc
configure:2181: result: gcc
configure:2425: checking for C compiler version
configure:2428: gcc --version </dev/null >&5
gcc (Ubuntu 4.3.3-5ubuntu4) 4.3.3
Copyright (C) 2008 Free Software Foundation, Inc.
This is free software; see the source for copying conditions.  There is NO
warranty; not even for MERCHANTABILITY or FITNESS FOR A PARTICULAR PURPOSE.

configure:2431: $? = 0
configure:2433: gcc -v </dev/null >&5
Using built-in specs.
Target: i486-linux-gnu
Configured with: ../src/configure -v --with-pkgversion='Ubuntu 4.3.3-5ubuntu4' --with-bugurl=file:///usr/share/doc/gcc-4.3/README.Bugs --enable-languages=c,c++,fortran,objc,obj-c++ --prefix=/usr --enable-shared --with-system-zlib --libexecdir=/usr/lib --without-included-gettext --enable-threads=posix --enable-nls --with-gxx-include-dir=/usr/include/c++/4.3 --program-suffix=-4.3 --enable-clocale=gnu --enable-libstdcxx-debug --enable-objc-gc --enable-mpfr --enable-targets=all --with-tune=generic --enable-checking=release --build=i486-linux-gnu --host=i486-linux-gnu --target=i486-linux-gnu
Thread model: posix
gcc version 4.3.3 (Ubuntu 4.3.3-5ubuntu4) 
configure:2436: $? = 0
configure:2438: gcc -V </dev/null >&5
gcc: '-V' option must have argument
configure:2441: $? = 1
configure:2464: checking for C compiler default output file name
configure:2467: gcc    conftest.c  >&5
configure:2470: $? = 0
configure:2516: result: a.out
configure:2521: checking whether the C compiler works
configure:2527: ./a.out
configure:2530: $? = 0
configure:2547: result: yes
configure:2554: checking whether we are cross compiling
configure:2556: result: no
configure:2559: checking for suffix of executables
configure:2561: gcc -o conftest    conftest.c  >&5
configure:2564: $? = 0
configure:2589: result: 
configure:2595: checking for suffix of object files
configure:2616: gcc -c   conftest.c >&5
configure:2619: $? = 0
configure:2641: result: o
configure:2645: checking whether we are using the GNU C compiler
configure:2669: gcc -c   conftest.c >&5
configure:2675: $? = 0
configure:2679: test -z 
			 || test ! -s conftest.err
configure:2682: $? = 0
configure:2685: test -s conftest.o
configure:2688: $? = 0
configure:2701: result: yes
configure:2707: checking whether gcc accepts -g
configure:2728: gcc -c -g  conftest.c >&5
configure:2734: $? = 0
configure:2738: test -z 
			 || test ! -s conftest.err
configure:2741: $? = 0
configure:2744: test -s conftest.o
configure:2747: $? = 0
configure:2758: result: yes
configure:2775: checking for gcc option to accept ANSI C
configure:2845: gcc  -c -g -O2  conftest.c >&5
configure:2851: $? = 0
configure:2855: test -z 
			 || test ! -s conftest.err
configure:2858: $? = 0
configure:2861: test -s conftest.o
configure:2864: $? = 0
configure:2882: result: none needed
configure:2900: gcc -c -g -O2  conftest.c >&5
conftest.c:2: error: expected '=', ',', ';', 'asm' or '__attribute__' before 'me'
configure:2906: $? = 1
configure: failed program was:
| #ifndef __cplusplus
|   choke me
| #endif
configure:3050: checking for style of include used by make
configure:3078: result: GNU
configure:3106: checking dependency style of gcc
configure:3196: result: gcc3
configure:3226: checking for a BSD-compatible install
configure:3281: result: /usr/bin/install -c
configure:3368: checking for a sed that does not truncate output
configure:3422: result: /bin/sed
configure:3425: checking for egrep
configure:3435: result: grep -E
configure:3451: checking for ld used by gcc
configure:3518: result: /usr/bin/ld
configure:3527: checking if the linker (/usr/bin/ld) is GNU ld
configure:3542: result: yes
configure:3547: checking for /usr/bin/ld option to reload object files
configure:3554: result: -r
configure:3563: checking for BSD-compatible nm
configure:3605: result: /usr/bin/nm -B
configure:3609: checking whether ln -s works
configure:3613: result: yes
configure:3620: checking how to recognise dependent libraries
configure:3803: result: pass_all
configure:4259: checking how to run the C preprocessor
configure:4294: gcc -E  conftest.c
configure:4300: $? = 0
configure:4332: gcc -E  conftest.c
conftest.c:16:28: error: ac_nonexistent.h: No such file or directory
configure:4338: $? = 1
configure: failed program was:
| /* confdefs.h.  */
| 
| #define PACKAGE_NAME "gaul-devel"
| #define PACKAGE_TARNAME "gaul-devel"
| #define PACKAGE_VERSION "0.1849"
| #define PACKAGE_STRING "gaul-devel 0.1849"
| #define PACKAGE_BUGREPORT "gaul@linux-domain.com"
| #define GA_MAJOR_VERSION 0
| #define GA_MINOR_VERSION 1849
| #define GA_LT_MINOR_VERSION 49
| #define GA_PATCH_VERSION 0
| #define GA_UNAME_STRING "Linux szekeres-laptop 2.6.28-11-generic #42-Ubuntu SMP Fri Apr 17 01:57:59 UTC 2009 i686 GNU/Linux"
| #define GA_BUILD_DATE_STRING "08/01/10"
| #define GA_VERSION_STRING "0.1849-0"
| /* end confdefs.h.  */
| #include <ac_nonexistent.h>
configure:4377: result: gcc -E
configure:4401: gcc -E  conftest.c
configure:4407: $? = 0
configure:4439: gcc -E  conftest.c
conftest.c:16:28: error: ac_nonexistent.h: No such file or directory
configure:4445: $? = 1
configure: failed program was:
| /* confdefs.h.  */
| 
| #define PACKAGE_NAME "gaul-devel"
| #define PACKAGE_TARNAME "gaul-devel"
| #define PACKAGE_VERSION "0.1849"
| #define PACKAGE_STRING "gaul-devel 0.1849"
| #define PACKAGE_BUGREPORT "gaul@linux-domain.com"
| #define GA_MAJOR_VERSION 0
| #define GA_MINOR_VERSION 1849
| #define GA_LT_MINOR_VERSION 49
| #define GA_PATCH_VERSION 0
| #define GA_UNAME_STRING "Linux szekeres-laptop 2.6.28-11-generic #42-Ubuntu SMP Fri Apr 17 01:57:59 UTC 2009 i686 GNU/Linux"
| #define GA_BUILD_DATE_STRING "08/01/10"
| #define GA_VERSION_STRING "0.1849-0"
| /* end confdefs.h.  */
| #include <ac_nonexistent.h>
configure:4489: checking for ANSI C header files
configure:4514: gcc -c -g -O2  conftest.c >&5
configure:4520: $? = 0
configure:4524: test -z 
			 || test ! -s conftest.err
configure:4527: $? = 0
configure:4530: test -s conftest.o
configure:4533: $? = 0
configure:4622: gcc -o conftest -g -O2   conftest.c  >&5
conftest.c: In function 'main':
conftest.c:33: warning: incompatible implicit declaration of built-in function 'exit'
configure:4625: $? = 0
configure:4627: ./conftest
configure:4630: $? = 0
configure:4645: result: yes
configure:4669: checking for sys/types.h
configure:4685: gcc -c -g -O2  conftest.c >&5
configure:4691: $? = 0
configure:4695: test -z 
			 || test ! -s conftest.err
configure:4698: $? = 0
configure:4701: test -s conftest.o
configure:4704: $? = 0
configure:4715: result: yes
configure:4669: checking for sys/stat.h
configure:4685: gcc -c -g -O2  conftest.c >&5
configure:4691: $? = 0
configure:4695: test -z 
			 || test ! -s conftest.err
configure:4698: $? = 0
configure:4701: test -s conftest.o
configure:4704: $? = 0
configure:4715: result: yes
configure:4669: checking for stdlib.h
configure:4685: gcc -c -g -O2  conftest.c >&5
configure:4691: $? = 0
configure:4695: test -z 
			 || test ! -s conftest.err
configure:4698: $? = 0
configure:4701: test -s conftest.o
configure:4704: $? = 0
configure:4715: result: yes
configure:4669: checking for string.h
configure:4685: gcc -c -g -O2  conftest.c >&5
configure:4691: $? = 0
configure:4695: test -z 
			 || test ! -s conftest.err
configure:4698: $? = 0
configure:4701: test -s conftest.o
configure:4704: $? = 0
configure:4715: result: yes
configure:4669: checking for memory.h
configure:4685: gcc -c -g -O2  conftest.c >&5
configure:4691: $? = 0
configure:4695: test -z 
			 || test ! -s conftest.err
configure:4698: $? = 0
configure:4701: test -s conftest.o
configure:4704: $? = 0
configure:4715: result: yes
configure:4669: checking for strings.h
configure:4685: gcc -c -g -O2  conftest.c >&5
configure:4691: $? = 0
configure:4695: test -z 
			 || test ! -s conftest.err
configure:4698: $? = 0
configure:4701: test -s conftest.o
configure:4704: $? = 0
configure:4715: result: yes
configure:4669: checking for inttypes.h
configure:4685: gcc -c -g -O2  conftest.c >&5
configure:4691: $? = 0
configure:4695: test -z 
			 || test ! -s conftest.err
configure:4698: $? = 0
configure:4701: test -s conftest.o
configure:4704: $? = 0
configure:4715: result: yes
configure:4669: checking for stdint.h
configure:4685: gcc -c -g -O2  conftest.c >&5
configure:4691: $? = 0
configure:4695: test -z 
			 || test ! -s conftest.err
configure:4698: $? = 0
configure:4701: test -s conftest.o
configure:4704: $? = 0
configure:4715: result: yes
configure:4669: checking for unistd.h
configure:4685: gcc -c -g -O2  conftest.c >&5
configure:4691: $? = 0
configure:4695: test -z 
			 || test ! -s conftest.err
configure:4698: $? = 0
configure:4701: test -s conftest.o
configure:4704: $? = 0
configure:4715: result: yes
configure:4741: checking dlfcn.h usability
configure:4753: gcc -c -g -O2  conftest.c >&5
configure:4759: $? = 0
configure:4763: test -z 
			 || test ! -s conftest.err
configure:4766: $? = 0
configure:4769: test -s conftest.o
configure:4772: $? = 0
configure:4782: result: yes
configure:4786: checking dlfcn.h presence
configure:4796: gcc -E  conftest.c
configure:4802: $? = 0
configure:4822: result: yes
configure:4857: checking for dlfcn.h
configure:4864: result: yes
configure:4929: checking for g++
configure:4945: found /usr/bin/g++
configure:4955: result: g++
configure:4971: checking for C++ compiler version
configure:4974: g++ --version </dev/null >&5
g++ (Ubuntu 4.3.3-5ubuntu4) 4.3.3
Copyright (C) 2008 Free Software Foundation, Inc.
This is free software; see the source for copying conditions.  There is NO
warranty; not even for MERCHANTABILITY or FITNESS FOR A PARTICULAR PURPOSE.

configure:4977: $? = 0
configure:4979: g++ -v </dev/null >&5
Using built-in specs.
Target: i486-linux-gnu
Configured with: ../src/configure -v --with-pkgversion='Ubuntu 4.3.3-5ubuntu4' --with-bugurl=file:///usr/share/doc/gcc-4.3/README.Bugs --enable-languages=c,c++,fortran,objc,obj-c++ --prefix=/usr --enable-shared --with-system-zlib --libexecdir=/usr/lib --without-included-gettext --enable-threads=posix --enable-nls --with-gxx-include-dir=/usr/include/c++/4.3 --program-suffix=-4.3 --enable-clocale=gnu --enable-libstdcxx-debug --enable-objc-gc --enable-mpfr --enable-targets=all --with-tune=generic --enable-checking=release --build=i486-linux-gnu --host=i486-linux-gnu --target=i486-linux-gnu
Thread model: posix
gcc version 4.3.3 (Ubuntu 4.3.3-5ubuntu4) 
configure:4982: $? = 0
configure:4984: g++ -V </dev/null >&5
g++: '-V' option must have argument
configure:4987: $? = 1
configure:4990: checking whether we are using the GNU C++ compiler
configure:5014: g++ -c   conftest.cc >&5
configure:5020: $? = 0
configure:5024: test -z 
			 || test ! -s conftest.err
configure:5027: $? = 0
configure:5030: test -s conftest.o
configure:5033: $? = 0
configure:5046: result: yes
configure:5052: checking whether g++ accepts -g
configure:5073: g++ -c -g  conftest.cc >&5
configure:5079: $? = 0
configure:5083: test -z 
			 || test ! -s conftest.err
configure:5086: $? = 0
configure:5089: test -s conftest.o
configure:5092: $? = 0
configure:5103: result: yes
configure:5145: g++ -c -g -O2  conftest.cc >&5
configure:5151: $? = 0
configure:5155: test -z 
			 || test ! -s conftest.err
configure:5158: $? = 0
configure:5161: test -s conftest.o
configure:5164: $? = 0
configure:5190: g++ -c -g -O2  conftest.cc >&5
conftest.cc: In function 'int main()':
conftest.cc:31: error: 'exit' was not declared in this scope
configure:5196: $? = 1
configure: failed program was:
| /* confdefs.h.  */
| 
| #define PACKAGE_NAME "gaul-devel"
| #define PACKAGE_TARNAME "gaul-devel"
| #define PACKAGE_VERSION "0.1849"
| #define PACKAGE_STRING "gaul-devel 0.1849"
| #define PACKAGE_BUGREPORT "gaul@linux-domain.com"
| #define GA_MAJOR_VERSION 0
| #define GA_MINOR_VERSION 1849
| #define GA_LT_MINOR_VERSION 49
| #define GA_PATCH_VERSION 0
| #define GA_UNAME_STRING "Linux szekeres-laptop 2.6.28-11-generic #42-Ubuntu SMP Fri Apr 17 01:57:59 UTC 2009 i686 GNU/Linux"
| #define GA_BUILD_DATE_STRING "08/01/10"
| #define GA_VERSION_STRING "0.1849-0"
| #define STDC_HEADERS 1
| #define HAVE_SYS_TYPES_H 1
| #define HAVE_SYS_STAT_H 1
| #define HAVE_STDLIB_H 1
| #define HAVE_STRING_H 1
| #define HAVE_MEMORY_H 1
| #define HAVE_STRINGS_H 1
| #define HAVE_INTTYPES_H 1
| #define HAVE_STDINT_H 1
| #define HAVE_UNISTD_H 1
| #define HAVE_DLFCN_H 1
| /* end confdefs.h.  */
| 
| int
| main ()
| {
| exit (42);
|   ;
|   return 0;
| }
configure:5145: g++ -c -g -O2  conftest.cc >&5
conftest.cc:27: error: 'void std::exit(int)' should have been declared inside 'std'
configure:5151: $? = 1
configure: failed program was:
| /* confdefs.h.  */
| 
| #define PACKAGE_NAME "gaul-devel"
| #define PACKAGE_TARNAME "gaul-devel"
| #define PACKAGE_VERSION "0.1849"
| #define PACKAGE_STRING "gaul-devel 0.1849"
| #define PACKAGE_BUGREPORT "gaul@linux-domain.com"
| #define GA_MAJOR_VERSION 0
| #define GA_MINOR_VERSION 1849
| #define GA_LT_MINOR_VERSION 49
| #define GA_PATCH_VERSION 0
| #define GA_UNAME_STRING "Linux szekeres-laptop 2.6.28-11-generic #42-Ubuntu SMP Fri Apr 17 01:57:59 UTC 2009 i686 GNU/Linux"
| #define GA_BUILD_DATE_STRING "08/01/10"
| #define GA_VERSION_STRING "0.1849-0"
| #define STDC_HEADERS 1
| #define HAVE_SYS_TYPES_H 1
| #define HAVE_SYS_STAT_H 1
| #define HAVE_STDLIB_H 1
| #define HAVE_STRING_H 1
| #define HAVE_MEMORY_H 1
| #define HAVE_STRINGS_H 1
| #define HAVE_INTTYPES_H 1
| #define HAVE_STDINT_H 1
| #define HAVE_UNISTD_H 1
| #define HAVE_DLFCN_H 1
| /* end confdefs.h.  */
| extern "C" void std::exit (int) throw (); using std::exit;
| #include <stdlib.h>
| int
| main ()
| {
| exit (42);
|   ;
|   return 0;
| }
configure:5145: g++ -c -g -O2  conftest.cc >&5
conftest.cc:27: error: 'void std::exit(int)' should have been declared inside 'std'
In file included from conftest.cc:28:
/usr/include/stdlib.h:531: error: declaration of 'void std::exit(int) throw ()' throws different exceptions
conftest.cc:27: error: from previous declaration 'void std::exit(int)'
configure:5151: $? = 1
configure: failed program was:
| /* confdefs.h.  */
| 
| #define PACKAGE_NAME "gaul-devel"
| #define PACKAGE_TARNAME "gaul-devel"
| #define PACKAGE_VERSION "0.1849"
| #define PACKAGE_STRING "gaul-devel 0.1849"
| #define PACKAGE_BUGREPORT "gaul@linux-domain.com"
| #define GA_MAJOR_VERSION 0
| #define GA_MINOR_VERSION 1849
| #define GA_LT_MINOR_VERSION 49
| #define GA_PATCH_VERSION 0
| #define GA_UNAME_STRING "Linux szekeres-laptop 2.6.28-11-generic #42-Ubuntu SMP Fri Apr 17 01:57:59 UTC 2009 i686 GNU/Linux"
| #define GA_BUILD_DATE_STRING "08/01/10"
| #define GA_VERSION_STRING "0.1849-0"
| #define STDC_HEADERS 1
| #define HAVE_SYS_TYPES_H 1
| #define HAVE_SYS_STAT_H 1
| #define HAVE_STDLIB_H 1
| #define HAVE_STRING_H 1
| #define HAVE_MEMORY_H 1
| #define HAVE_STRINGS_H 1
| #define HAVE_INTTYPES_H 1
| #define HAVE_STDINT_H 1
| #define HAVE_UNISTD_H 1
| #define HAVE_DLFCN_H 1
| /* end confdefs.h.  */
| extern "C" void std::exit (int); using std::exit;
| #include <stdlib.h>
| int
| main ()
| {
| exit (42);
|   ;
|   return 0;
| }
configure:5145: g++ -c -g -O2  conftest.cc >&5
configure:5151: $? = 0
configure:5155: test -z 
			 || test ! -s conftest.err
configure:5158: $? = 0
configure:5161: test -s conftest.o
configure:5164: $? = 0
configure:5190: g++ -c -g -O2  conftest.cc >&5
configure:5196: $? = 0
configure:5200: test -z 
			 || test ! -s conftest.err
configure:5203: $? = 0
configure:5206: test -s conftest.o
configure:5209: $? = 0
configure:5234: checking dependency style of g++
configure:5324: result: gcc3
configure:5346: checking how to run the C++ preprocessor
configure:5377: g++ -E  conftest.cc
configure:5383: $? = 0
configure:5415: g++ -E  conftest.cc
conftest.cc:30:28: error: ac_nonexistent.h: No such file or directory
configure:5421: $? = 1
configure: failed program was:
| /* confdefs.h.  */
| 
| #define PACKAGE_NAME "gaul-devel"
| #define PACKAGE_TARNAME "gaul-devel"
| #define PACKAGE_VERSION "0.1849"
| #define PACKAGE_STRING "gaul-devel 0.1849"
| #define PACKAGE_BUGREPORT "gaul@linux-domain.com"
| #define GA_MAJOR_VERSION 0
| #define GA_MINOR_VERSION 1849
| #define GA_LT_MINOR_VERSION 49
| #define GA_PATCH_VERSION 0
| #define GA_UNAME_STRING "Linux szekeres-laptop 2.6.28-11-generic #42-Ubuntu SMP Fri Apr 17 01:57:59 UTC 2009 i686 GNU/Linux"
| #define GA_BUILD_DATE_STRING "08/01/10"
| #define GA_VERSION_STRING "0.1849-0"
| #define STDC_HEADERS 1
| #define HAVE_SYS_TYPES_H 1
| #define HAVE_SYS_STAT_H 1
| #define HAVE_STDLIB_H 1
| #define HAVE_STRING_H 1
| #define HAVE_MEMORY_H 1
| #define HAVE_STRINGS_H 1
| #define HAVE_INTTYPES_H 1
| #define HAVE_STDINT_H 1
| #define HAVE_UNISTD_H 1
| #define HAVE_DLFCN_H 1
| #ifdef __cplusplus
| extern "C" void exit (int) throw ();
| #endif
| /* end confdefs.h.  */
| #include <ac_nonexistent.h>
configure:5460: result: g++ -E
configure:5484: g++ -E  conftest.cc
configure:5490: $? = 0
configure:5522: g++ -E  conftest.cc
conftest.cc:30:28: error: ac_nonexistent.h: No such file or directory
configure:5528: $? = 1
configure: failed program was:
| /* confdefs.h.  */
| 
| #define PACKAGE_NAME "gaul-devel"
| #define PACKAGE_TARNAME "gaul-devel"
| #define PACKAGE_VERSION "0.1849"
| #define PACKAGE_STRING "gaul-devel 0.1849"
| #define PACKAGE_BUGREPORT "gaul@linux-domain.com"
| #define GA_MAJOR_VERSION 0
| #define GA_MINOR_VERSION 1849
| #define GA_LT_MINOR_VERSION 49
| #define GA_PATCH_VERSION 0
| #define GA_UNAME_STRING "Linux szekeres-laptop 2.6.28-11-generic #42-Ubuntu SMP Fri Apr 17 01:57:59 UTC 2009 i686 GNU/Linux"
| #define GA_BUILD_DATE_STRING "08/01/10"
| #define GA_VERSION_STRING "0.1849-0"
| #define STDC_HEADERS 1
| #define HAVE_SYS_TYPES_H 1
| #define HAVE_SYS_STAT_H 1
| #define HAVE_STDLIB_H 1
| #define HAVE_STRING_H 1
| #define HAVE_MEMORY_H 1
| #define HAVE_STRINGS_H 1
| #define HAVE_INTTYPES_H 1
| #define HAVE_STDINT_H 1
| #define HAVE_UNISTD_H 1
| #define HAVE_DLFCN_H 1
| #ifdef __cplusplus
| extern "C" void exit (int) throw ();
| #endif
| /* end confdefs.h.  */
| #include <ac_nonexistent.h>
configure:5623: checking for g77
configure:5652: result: no
configure:5623: checking for f77
configure:5652: result: no
configure:5623: checking for xlf
configure:5652: result: no
configure:5623: checking for frt
configure:5652: result: no
configure:5623: checking for pgf77
configure:5652: result: no
configure:5623: checking for fort77
configure:5652: result: no
configure:5623: checking for fl32
configure:5652: result: no
configure:5623: checking for af77
configure:5652: result: no
configure:5623: checking for f90
configure:5652: result: no
configure:5623: checking for xlf90
configure:5652: result: no
configure:5623: checking for pgf90
configure:5652: result: no
configure:5623: checking for epcf90
configure:5652: result: no
configure:5623: checking for f95
configure:5652: result: no
configure:5623: checking for fort
configure:5652: result: no
configure:5623: checking for xlf95
configure:5652: result: no
configure:5623: checking for ifc
configure:5652: result: no
configure:5623: checking for efc
configure:5652: result: no
configure:5623: checking for pgf95
configure:5652: result: no
configure:5623: checking for lf95
configure:5652: result: no
configure:5623: checking for gfortran
configure:5652: result: no
configure:5664: checking for Fortran 77 compiler version
configure:5667:  --version </dev/null >&5
./configure: line 5668: --version: command not found
configure:5670: $? = 127
configure:5672:  -v </dev/null >&5
./configure: line 5673: -v: command not found
configure:5675: $? = 127
configure:5677:  -V </dev/null >&5
./configure: line 5678: -V: command not found
configure:5680: $? = 127
configure:5688: checking whether we are using the GNU Fortran 77 compiler
configure:5702:  -c  conftest.F >&5
./configure: line 5703: -c: command not found
configure:5708: $? = 127
configure: failed program was:
|       program main
| #ifndef __GNUC__
|        choke me
| #endif
| 
|       end
configure:5734: result: no
configure:5740: checking whether  accepts -g
configure:5752:  -c -g conftest.f >&5
./configure: line 5753: -c: command not found
configure:5758: $? = 127
configure: failed program was:
|       program main
| 
|       end
configure:5783: result: no
configure:5813: checking the maximum length of command line arguments
configure:5878: result: 32768
configure:5889: checking command to parse /usr/bin/nm -B output from gcc object
configure:5978: gcc -c -g -O2  conftest.c >&5
configure:5981: $? = 0
configure:5985: /usr/bin/nm -B conftest.o \| sed -n -e 's/^.*[ 	]\([ABCDGIRSTW][ABCDGIRSTW]*\)[ 	][ 	]*\(\)\([_A-Za-z][_A-Za-z0-9]*\)$/\1 \2\3 \3/p' \> conftest.nm
configure:5988: $? = 0
configure:6040: gcc -o conftest -g -O2   conftest.c conftstm.o >&5
configure:6043: $? = 0
configure:6081: result: ok
configure:6085: checking for objdir
configure:6100: result: .libs
configure:6190: checking for ar
configure:6206: found /usr/bin/ar
configure:6217: result: ar
configure:6270: checking for ranlib
configure:6286: found /usr/bin/ranlib
configure:6297: result: ranlib
configure:6350: checking for strip
configure:6366: found /usr/bin/strip
configure:6377: result: strip
configure:6639: checking if gcc static flag  works
configure:6662: result: yes
configure:6680: checking if gcc supports -fno-rtti -fno-exceptions
configure:6698: gcc -c -g -O2  -fno-rtti -fno-exceptions conftest.c >&5
cc1: warning: command line option "-fno-rtti" is valid for C++/ObjC++ but not for C
configure:6702: $? = 0
configure:6713: result: no
configure:6728: checking for gcc option to produce PIC
configure:6905: result: -fPIC
configure:6913: checking if gcc PIC flag -fPIC works
configure:6931: gcc -c -g -O2  -fPIC -DPIC conftest.c >&5
configure:6935: $? = 0
configure:6946: result: yes
configure:6970: checking if gcc supports -c -o file.o
configure:6991: gcc -c -g -O2  -o out/conftest2.o conftest.c >&5
configure:6995: $? = 0
configure:7015: result: yes
configure:7041: checking whether the gcc linker (/usr/bin/ld) supports shared libraries
configure:7889: result: yes
configure:7915: checking whether -lc should be explicitly linked in
configure:7920: gcc -c -g -O2  conftest.c >&5
configure:7923: $? = 0
configure:7937: gcc -shared conftest.o  -v -Wl,-soname -Wl,conftest -o conftest 2\>\&1 \| grep  -lc  \>/dev/null 2\>\&1
configure:7940: $? = 0
configure:7952: result: no
configure:7960: checking dynamic linker characteristics
configure:8521: result: GNU/Linux ld.so
configure:8525: checking how to hardcode library paths into programs
configure:8550: result: immediate
configure:8564: checking whether stripping libraries is possible
configure:8569: result: yes
configure:9399: checking if libtool supports shared libraries
configure:9401: result: yes
configure:9404: checking whether to build shared libraries
configure:9462: result: yes
configure:9465: checking whether to build static libraries
configure:9469: result: yes
configure:9561: creating libtool
configure:10108: checking for ld used by g++
configure:10175: result: /usr/bin/ld
configure:10184: checking if the linker (/usr/bin/ld) is GNU ld
configure:10199: result: yes
configure:10250: checking whether the g++ linker (/usr/bin/ld) supports shared libraries
configure:11078: result: yes
configure:11096: g++ -c -g -O2  conftest.cc >&5
configure:11099: $? = 0
configure:11195: checking for g++ option to produce PIC
configure:11447: result: -fPIC
configure:11455: checking if g++ PIC flag -fPIC works
configure:11473: g++ -c -g -O2  -fPIC -DPIC conftest.cc >&5
configure:11477: $? = 0
configure:11488: result: yes
configure:11512: checking if g++ supports -c -o file.o
configure:11533: g++ -c -g -O2  -o out/conftest2.o conftest.cc >&5
configure:11537: $? = 0
configure:11557: result: yes
configure:11583: checking whether the g++ linker (/usr/bin/ld) supports shared libraries
configure:11608: result: yes
configure:11679: checking dynamic linker characteristics
configure:12240: result: GNU/Linux ld.so
configure:12244: checking how to hardcode library paths into programs
configure:12269: result: immediate
configure:12283: checking whether stripping libraries is possible
configure:12288: result: yes
configure:19714: checking for default number of processes to spawn in MP code
configure:19721: result: 8
configure:19724: checking for default number of threads to create in threaded code
configure:19731: result: 4
configure:19737: checking whether to link to pthread library
configure:19740: result: yes
configure:19745: checking for pthread_create in -lpthread
configure:19775: gcc -o conftest -g -O2   conftest.c -lpthread   -lpthread >&5
configure:19781: $? = 0
configure:19785: test -z 
			 || test ! -s conftest.err
configure:19788: $? = 0
configure:19791: test -s conftest
configure:19794: $? = 0
configure:19807: result: yes
configure:19834: checking whether to use OpenMP
configure:19843: result: no
configure:19881: checking whether to use MPI
configure:19884: result: no
configure:20191: checking whether to disable memory chunk allocation
configure:20194: result: no
configure:20208: checking whether to enable memory access debugging
configure:20218: result: no - safe wrappers only
configure:20236: checking whether to enable dumping of statistics
configure:20243: result: no
configure:20253: checking whether to enable general GAUL debugging
configure:20261: result: no
configure:20284: checking whether to pad memory to detect overflows
configure:20291: result: no
configure:20305: checking whether to cripple GAUL for windows
configure:20320: result: no
configure:20334: checking whether to link S-Lang scripting engine
configure:20337: result: yes
configure:20343: checking for SLang_init_slang in -lslang
configure:20373: gcc -o conftest -g -O2   conftest.c -lslang   -lpthread -lpthread -lslang -lm >&5
configure:20379: $? = 0
configure:20383: test -z 
			 || test ! -s conftest.err
configure:20386: $? = 0
configure:20389: test -s conftest
configure:20392: $? = 0
configure:20405: result: yes
configure:20432: checking whether to link Electric Fence for memory debugging
configure:20510: result: no
configure:20757: checking for double
configure:20781: gcc -c -g -O2 -Wall  conftest.c >&5
configure:20787: $? = 0
configure:20791: test -z 
			 || test ! -s conftest.err
configure:20794: $? = 0
configure:20797: test -s conftest.o
configure:20800: $? = 0
configure:20811: result: yes
configure:20814: checking size of double
configure:21133: gcc -o conftest -g -O2 -Wall   conftest.c  -lpthread -lpthread -lslang -lm -lslang >&5
configure:21136: $? = 0
configure:21138: ./conftest
configure:21141: $? = 0
configure:21164: result: 8
configure:21171: checking for char
configure:21195: gcc -c -g -O2 -Wall  conftest.c >&5
configure:21201: $? = 0
configure:21205: test -z 
			 || test ! -s conftest.err
configure:21208: $? = 0
configure:21211: test -s conftest.o
configure:21214: $? = 0
configure:21225: result: yes
configure:21228: checking size of char
configure:21547: gcc -o conftest -g -O2 -Wall   conftest.c  -lpthread -lpthread -lslang -lm -lslang >&5
configure:21550: $? = 0
configure:21552: ./conftest
configure:21555: $? = 0
configure:21578: result: 1
configure:21585: checking for long
configure:21609: gcc -c -g -O2 -Wall  conftest.c >&5
configure:21615: $? = 0
configure:21619: test -z 
			 || test ! -s conftest.err
configure:21622: $? = 0
configure:21625: test -s conftest.o
configure:21628: $? = 0
configure:21639: result: yes
configure:21642: checking size of long
configure:21961: gcc -o conftest -g -O2 -Wall   conftest.c  -lpthread -lpthread -lslang -lm -lslang >&5
configure:21964: $? = 0
configure:21966: ./conftest
configure:21969: $? = 0
configure:21992: result: 4
configure:21999: checking for int
configure:22023: gcc -c -g -O2 -Wall  conftest.c >&5
configure:22029: $? = 0
configure:22033: test -z 
			 || test ! -s conftest.err
configure:22036: $? = 0
configure:22039: test -s conftest.o
configure:22042: $? = 0
configure:22053: result: yes
configure:22056: checking size of int
configure:22375: gcc -o conftest -g -O2 -Wall   conftest.c  -lpthread -lpthread -lslang -lm -lslang >&5
configure:22378: $? = 0
configure:22380: ./conftest
configure:22383: $? = 0
configure:22406: result: 4
configure:22413: checking for void *
configure:22437: gcc -c -g -O2 -Wall  conftest.c >&5
configure:22443: $? = 0
configure:22447: test -z 
			 || test ! -s conftest.err
configure:22450: $? = 0
configure:22453: test -s conftest.o
configure:22456: $? = 0
configure:22467: result: yes
configure:22470: checking size of void *
configure:22789: gcc -o conftest -g -O2 -Wall   conftest.c  -lpthread -lpthread -lslang -lm -lslang >&5
configure:22792: $? = 0
configure:22794: ./conftest
configure:22797: $? = 0
configure:22820: result: 4
configure:22831: checking for an ANSI C-conforming const
configure:22898: gcc -c -g -O2 -Wall  conftest.c >&5
conftest.c: In function 'main':
conftest.c:78: warning: unused variable 's'
conftest.c:98: warning: unused variable 'foo'
conftest.c:65: warning: unused variable 'zero'
conftest.c:59: warning: unused variable 'x'
conftest.c:80: warning: 't' is used uninitialized in this function
conftest.c:95: warning: 'b' is used uninitialized in this function
configure:22904: $? = 0
configure:22908: test -z 
			 || test ! -s conftest.err
configure:22911: $? = 0
configure:22914: test -s conftest.o
configure:22917: $? = 0
configure:22928: result: yes
configure:22938: checking whether struct tm is in sys/time.h or time.h
configure:22961: gcc -c -g -O2 -Wall  conftest.c >&5
conftest.c: In function 'main':
conftest.c:57: warning: statement with no effect
configure:22967: $? = 0
configure:22971: test -z 
			 || test ! -s conftest.err
configure:22974: $? = 0
configure:22977: test -s conftest.o
configure:22980: $? = 0
configure:22991: result: time.h
configure:23005: checking for ANSI C header files
configure:23161: result: yes
configure:23171: checking whether time.h and sys/time.h may both be included
configure:23196: gcc -c -g -O2 -Wall  conftest.c >&5
configure:23202: $? = 0
configure:23206: test -z 
			 || test ! -s conftest.err
configure:23209: $? = 0
configure:23212: test -s conftest.o
configure:23215: $? = 0
configure:23226: result: yes
configure:23263: checking pwd.h usability
configure:23275: gcc -c -g -O2 -Wall  conftest.c >&5
configure:23281: $? = 0
configure:23285: test -z 
			 || test ! -s conftest.err
configure:23288: $? = 0
configure:23291: test -s conftest.o
configure:23294: $? = 0
configure:23304: result: yes
configure:23308: checking pwd.h presence
configure:23318: gcc -E  conftest.c
configure:23324: $? = 0
configure:23344: result: yes
configure:23379: checking for pwd.h
configure:23386: result: yes
configure:23263: checking sys/select.h usability
configure:23275: gcc -c -g -O2 -Wall  conftest.c >&5
configure:23281: $? = 0
configure:23285: test -z 
			 || test ! -s conftest.err
configure:23288: $? = 0
configure:23291: test -s conftest.o
configure:23294: $? = 0
configure:23304: result: yes
configure:23308: checking sys/select.h presence
configure:23318: gcc -E  conftest.c
configure:23324: $? = 0
configure:23344: result: yes
configure:23379: checking for sys/select.h
configure:23386: result: yes
configure:23263: checking sys/signal.h usability
configure:23275: gcc -c -g -O2 -Wall  conftest.c >&5
configure:23281: $? = 0
configure:23285: test -z 
			 || test ! -s conftest.err
configure:23288: $? = 0
configure:23291: test -s conftest.o
configure:23294: $? = 0
configure:23304: result: yes
configure:23308: checking sys/signal.h presence
configure:23318: gcc -E  conftest.c
configure:23324: $? = 0
configure:23344: result: yes
configure:23379: checking for sys/signal.h
configure:23386: result: yes
configure:23263: checking sys/time.h usability
configure:23275: gcc -c -g -O2 -Wall  conftest.c >&5
configure:23281: $? = 0
configure:23285: test -z 
			 || test ! -s conftest.err
configure:23288: $? = 0
configure:23291: test -s conftest.o
configure:23294: $? = 0
configure:23304: result: yes
configure:23308: checking sys/time.h presence
configure:23318: gcc -E  conftest.c
configure:23324: $? = 0
configure:23344: result: yes
configure:23379: checking for sys/time.h
configure:23386: result: yes
configure:23254: checking for sys/types.h
configure:23259: result: yes
configure:23263: checking sys/wait.h usability
configure:23275: gcc -c -g -O2 -Wall  conftest.c >&5
configure:23281: $? = 0
configure:23285: test -z 
			 || test ! -s conftest.err
configure:23288: $? = 0
configure:23291: test -s conftest.o
configure:23294: $? = 0
configure:23304: result: yes
configure:23308: checking sys/wait.h presence
configure:23318: gcc -E  conftest.c
configure:23324: $? = 0
configure:23344: result: yes
configure:23379: checking for sys/wait.h
configure:23386: result: yes
configure:23263: checking limits.h usability
configure:23275: gcc -c -g -O2 -Wall  conftest.c >&5
configure:23281: $? = 0
configure:23285: test -z 
			 || test ! -s conftest.err
configure:23288: $? = 0
configure:23291: test -s conftest.o
configure:23294: $? = 0
configure:23304: result: yes
configure:23308: checking limits.h presence
configure:23318: gcc -E  conftest.c
configure:23324: $? = 0
configure:23344: result: yes
configure:23379: checking for limits.h
configure:23386: result: yes
configure:23254: checking for unistd.h
configure:23259: result: yes
configure:23254: checking for string.h
configure:23259: result: yes
configure:23254: checking for strings.h
configure:23259: result: yes
configure:23433: checking for gethostname
configure:23490: gcc -o conftest -g -O2 -Wall   conftest.c  -lpthread -lpthread -lslang -lm -lslang >&5
configure:23496: $? = 0
configure:23500: test -z 
			 || test ! -s conftest.err
configure:23503: $? = 0
configure:23506: test -s conftest
configure:23509: $? = 0
configure:23521: result: yes
configure:23433: checking for waitpid
configure:23490: gcc -o conftest -g -O2 -Wall   conftest.c  -lpthread -lpthread -lslang -lm -lslang >&5
configure:23496: $? = 0
configure:23500: test -z 
			 || test ! -s conftest.err
configure:23503: $? = 0
configure:23506: test -s conftest
configure:23509: $? = 0
configure:23521: result: yes
configure:23433: checking for snooze
configure:23490: gcc -o conftest -g -O2 -Wall   conftest.c  -lpthread -lpthread -lslang -lm -lslang >&5
/tmp/ccMjjH1w.o: In function `main':
/home/szekeres/Desktop/gaul-devel-0.1849-0/conftest.c:104: undefined reference to `snooze'
/tmp/ccMjjH1w.o:(.data+0x0): undefined reference to `snooze'
collect2: ld returned 1 exit status
configure:23496: $? = 1
configure: failed program was:
| /* confdefs.h.  */
| 
| #define PACKAGE_NAME "gaul-devel"
| #define PACKAGE_TARNAME "gaul-devel"
| #define PACKAGE_VERSION "0.1849"
| #define PACKAGE_STRING "gaul-devel 0.1849"
| #define PACKAGE_BUGREPORT "gaul@linux-domain.com"
| #define GA_MAJOR_VERSION 0
| #define GA_MINOR_VERSION 1849
| #define GA_LT_MINOR_VERSION 49
| #define GA_PATCH_VERSION 0
| #define GA_UNAME_STRING "Linux szekeres-laptop 2.6.28-11-generic #42-Ubuntu SMP Fri Apr 17 01:57:59 UTC 2009 i686 GNU/Linux"
| #define GA_BUILD_DATE_STRING "08/01/10"
| #define GA_VERSION_STRING "0.1849-0"
| #define STDC_HEADERS 1
| #define HAVE_SYS_TYPES_H 1
| #define HAVE_SYS_STAT_H 1
| #define HAVE_STDLIB_H 1
| #define HAVE_STRING_H 1
| #define HAVE_MEMORY_H 1
| #define HAVE_STRINGS_H 1
| #define HAVE_INTTYPES_H 1
| #define HAVE_STDINT_H 1
| #define HAVE_UNISTD_H 1
| #define HAVE_DLFCN_H 1
| #ifdef __cplusplus
| extern "C" void exit (int) throw ();
| #endif
| #define GA_DEFAULT_NUM_PROCESSES 8
| #define GA_DEFAULT_NUM_THREADS 4
| #define HAVE_PTHREADS 1
| #define USE_OPENMP 0
| #define HAVE_MPI 0
| #define MEMORY_ALLOC_DEBUG 0
| #define MEMORY_ALLOC_SAFE 1
| #define GA_WRITE_STATS 0
| #define DEBUG 0
| #define GA_DEBUG 0
| #define MEMORY_PADDING 0
| #define W32_CRIPPLED 0
| #define HAVE_SLANG 1
| #define USE_CHROMO_CHUNKS 0
| #define GA_NUM_PROCESSES_ENVVAR_STRING GA_NUM_PROCESSES
| #define GA_NUM_THREADS_ENVVAR_STRING GA_NUM_THREADS
| #define SIZEOF_DOUBLE 8
| #define SIZEOF_CHAR 1
| #define SIZEOF_LONG 4
| #define SIZEOF_INT 4
| #define SIZEOF_VOID_P 4
| #define STDC_HEADERS 1
| #define TIME_WITH_SYS_TIME 1
| #define HAVE_PWD_H 1
| #define HAVE_SYS_SELECT_H 1
| #define HAVE_SYS_SIGNAL_H 1
| #define HAVE_SYS_TIME_H 1
| #define HAVE_SYS_TYPES_H 1
| #define HAVE_SYS_WAIT_H 1
| #define HAVE_LIMITS_H 1
| #define HAVE_UNISTD_H 1
| #define HAVE_STRING_H 1
| #define HAVE_STRINGS_H 1
| #define HAVE_GETHOSTNAME 1
| #define HAVE_WAITPID 1
| /* end confdefs.h.  */
| /* Define snooze to an innocuous variant, in case <limits.h> declares snooze.
|    For example, HP-UX 11i <limits.h> declares gettimeofday.  */
| #define snooze innocuous_snooze
| 
| /* System header to define __stub macros and hopefully few prototypes,
|     which can conflict with char snooze (); below.
|     Prefer <limits.h> to <assert.h> if __STDC__ is defined, since
|     <limits.h> exists even on freestanding compilers.  */
| 
| #ifdef __STDC__
| # include <limits.h>
| #else
| # include <assert.h>
| #endif
| 
| #undef snooze
| 
| /* Override any gcc2 internal prototype to avoid an error.  */
| #ifdef __cplusplus
| extern "C"
| {
| #endif
| /* We use char because int might match the return type of a gcc2
|    builtin and then its argument prototype would still apply.  */
| char snooze ();
| /* The GNU C library defines this for functions which it implements
|     to always fail with ENOSYS.  Some functions are actually named
|     something starting with __ and the normal name is an alias.  */
| #if defined (__stub_snooze) || defined (__stub___snooze)
| choke me
| #else
| char (*f) () = snooze;
| #endif
| #ifdef __cplusplus
| }
| #endif
| 
| int
| main ()
| {
| return f != snooze;
|   ;
|   return 0;
| }
configure:23521: result: no
configure:23433: checking for memcpy
configure:23490: gcc -o conftest -g -O2 -Wall   conftest.c  -lpthread -lpthread -lslang -lm -lslang >&5
conftest.c:89: warning: conflicting types for built-in function 'memcpy'
configure:23496: $? = 0
configure:23500: test -z 
			 || test ! -s conftest.err
configure:23503: $? = 0
configure:23506: test -s conftest
configure:23509: $? = 0
configure:23521: result: yes
configure:23433: checking for memcmp
configure:23490: gcc -o conftest -g -O2 -Wall   conftest.c  -lpthread -lpthread -lslang -lm -lslang >&5
conftest.c:90: warning: conflicting types for built-in function 'memcmp'
configure:23496: $? = 0
configure:23500: test -z 
			 || test ! -s conftest.err
configure:23503: $? = 0
configure:23506: test -s conftest
configure:23509: $? = 0
configure:23521: result: yes
configure:23433: checking for min
configure:23490: gcc -o conftest -g -O2 -Wall   conftest.c  -lpthread -lpthread -lslang -lm -lslang >&5
/tmp/ccElkRnd.o: In function `main':
/home/szekeres/Desktop/gaul-devel-0.1849-0/conftest.c:106: undefined reference to `min'
/tmp/ccElkRnd.o:(.data+0x0): undefined reference to `min'
collect2: ld returned 1 exit status
configure:23496: $? = 1
configure: failed program was:
| /* confdefs.h.  */
| 
| #define PACKAGE_NAME "gaul-devel"
| #define PACKAGE_TARNAME "gaul-devel"
| #define PACKAGE_VERSION "0.1849"
| #define PACKAGE_STRING "gaul-devel 0.1849"
| #define PACKAGE_BUGREPORT "gaul@linux-domain.com"
| #define GA_MAJOR_VERSION 0
| #define GA_MINOR_VERSION 1849
| #define GA_LT_MINOR_VERSION 49
| #define GA_PATCH_VERSION 0
| #define GA_UNAME_STRING "Linux szekeres-laptop 2.6.28-11-generic #42-Ubuntu SMP Fri Apr 17 01:57:59 UTC 2009 i686 GNU/Linux"
| #define GA_BUILD_DATE_STRING "08/01/10"
| #define GA_VERSION_STRING "0.1849-0"
| #define STDC_HEADERS 1
| #define HAVE_SYS_TYPES_H 1
| #define HAVE_SYS_STAT_H 1
| #define HAVE_STDLIB_H 1
| #define HAVE_STRING_H 1
| #define HAVE_MEMORY_H 1
| #define HAVE_STRINGS_H 1
| #define HAVE_INTTYPES_H 1
| #define HAVE_STDINT_H 1
| #define HAVE_UNISTD_H 1
| #define HAVE_DLFCN_H 1
| #ifdef __cplusplus
| extern "C" void exit (int) throw ();
| #endif
| #define GA_DEFAULT_NUM_PROCESSES 8
| #define GA_DEFAULT_NUM_THREADS 4
| #define HAVE_PTHREADS 1
| #define USE_OPENMP 0
| #define HAVE_MPI 0
| #define MEMORY_ALLOC_DEBUG 0
| #define MEMORY_ALLOC_SAFE 1
| #define GA_WRITE_STATS 0
| #define DEBUG 0
| #define GA_DEBUG 0
| #define MEMORY_PADDING 0
| #define W32_CRIPPLED 0
| #define HAVE_SLANG 1
| #define USE_CHROMO_CHUNKS 0
| #define GA_NUM_PROCESSES_ENVVAR_STRING GA_NUM_PROCESSES
| #define GA_NUM_THREADS_ENVVAR_STRING GA_NUM_THREADS
| #define SIZEOF_DOUBLE 8
| #define SIZEOF_CHAR 1
| #define SIZEOF_LONG 4
| #define SIZEOF_INT 4
| #define SIZEOF_VOID_P 4
| #define STDC_HEADERS 1
| #define TIME_WITH_SYS_TIME 1
| #define HAVE_PWD_H 1
| #define HAVE_SYS_SELECT_H 1
| #define HAVE_SYS_SIGNAL_H 1
| #define HAVE_SYS_TIME_H 1
| #define HAVE_SYS_TYPES_H 1
| #define HAVE_SYS_WAIT_H 1
| #define HAVE_LIMITS_H 1
| #define HAVE_UNISTD_H 1
| #define HAVE_STRING_H 1
| #define HAVE_STRINGS_H 1
| #define HAVE_GETHOSTNAME 1
| #define HAVE_WAITPID 1
| #define HAVE_MEMCPY 1
| #define HAVE_MEMCMP 1
| /* end confdefs.h.  */
| /* Define min to an innocuous variant, in case <limits.h> declares min.
|    For example, HP-UX 11i <limits.h> declares gettimeofday.  */
| #define min innocuous_min
| 
| /* System header to define __stub macros and hopefully few prototypes,
|     which can conflict with char min (); below.
|     Prefer <limits.h> to <assert.h> if __STDC__ is defined, since
|     <limits.h> exists even on freestanding compilers.  */
| 
| #ifdef __STDC__
| # include <limits.h>
| #else
| # include <assert.h>
| #endif
| 
| #undef min
| 
| /* Override any gcc2 internal prototype to avoid an error.  */
| #ifdef __cplusplus
| extern "C"
| {
| #endif
| /* We use char because int might match the return type of a gcc2
|    builtin and then its argument prototype would still apply.  */
| char min ();
| /* The GNU C library defines this for functions which it implements
|     to always fail with ENOSYS.  Some functions are actually named
|     something starting with __ and the normal name is an alias.  */
| #if defined (__stub_min) || defined (__stub___min)
| choke me
| #else
| char (*f) () = min;
| #endif
| #ifdef __cplusplus
| }
| #endif
| 
| int
| main ()
| {
| return f != min;
|   ;
|   return 0;
| }
configure:23521: result: no
configure:23433: checking for max
configure:23490: gcc -o conftest -g -O2 -Wall   conftest.c  -lpthread -lpthread -lslang -lm -lslang >&5
/tmp/ccfWJxsm.o: In function `main':
/home/szekeres/Desktop/gaul-devel-0.1849-0/conftest.c:106: undefined reference to `max'
/tmp/ccfWJxsm.o:(.data+0x0): undefined reference to `max'
collect2: ld returned 1 exit status
configure:23496: $? = 1
configure: failed program was:
| /* confdefs.h.  */
| 
| #define PACKAGE_NAME "gaul-devel"
| #define PACKAGE_TARNAME "gaul-devel"
| #define PACKAGE_VERSION "0.1849"
| #define PACKAGE_STRING "gaul-devel 0.1849"
| #define PACKAGE_BUGREPORT "gaul@linux-domain.com"
| #define GA_MAJOR_VERSION 0
| #define GA_MINOR_VERSION 1849
| #define GA_LT_MINOR_VERSION 49
| #define GA_PATCH_VERSION 0
| #define GA_UNAME_STRING "Linux szekeres-laptop 2.6.28-11-generic #42-Ubuntu SMP Fri Apr 17 01:57:59 UTC 2009 i686 GNU/Linux"
| #define GA_BUILD_DATE_STRING "08/01/10"
| #define GA_VERSION_STRING "0.1849-0"
| #define STDC_HEADERS 1
| #define HAVE_SYS_TYPES_H 1
| #define HAVE_SYS_STAT_H 1
| #define HAVE_STDLIB_H 1
| #define HAVE_STRING_H 1
| #define HAVE_MEMORY_H 1
| #define HAVE_STRINGS_H 1
| #define HAVE_INTTYPES_H 1
| #define HAVE_STDINT_H 1
| #define HAVE_UNISTD_H 1
| #define HAVE_DLFCN_H 1
| #ifdef __cplusplus
| extern "C" void exit (int) throw ();
| #endif
| #define GA_DEFAULT_NUM_PROCESSES 8
| #define GA_DEFAULT_NUM_THREADS 4
| #define HAVE_PTHREADS 1
| #define USE_OPENMP 0
| #define HAVE_MPI 0
| #define MEMORY_ALLOC_DEBUG 0
| #define MEMORY_ALLOC_SAFE 1
| #define GA_WRITE_STATS 0
| #define DEBUG 0
| #define GA_DEBUG 0
| #define MEMORY_PADDING 0
| #define W32_CRIPPLED 0
| #define HAVE_SLANG 1
| #define USE_CHROMO_CHUNKS 0
| #define GA_NUM_PROCESSES_ENVVAR_STRING GA_NUM_PROCESSES
| #define GA_NUM_THREADS_ENVVAR_STRING GA_NUM_THREADS
| #define SIZEOF_DOUBLE 8
| #define SIZEOF_CHAR 1
| #define SIZEOF_LONG 4
| #define SIZEOF_INT 4
| #define SIZEOF_VOID_P 4
| #define STDC_HEADERS 1
| #define TIME_WITH_SYS_TIME 1
| #define HAVE_PWD_H 1
| #define HAVE_SYS_SELECT_H 1
| #define HAVE_SYS_SIGNAL_H 1
| #define HAVE_SYS_TIME_H 1
| #define HAVE_SYS_TYPES_H 1
| #define HAVE_SYS_WAIT_H 1
| #define HAVE_LIMITS_H 1
| #define HAVE_UNISTD_H 1
| #define HAVE_STRING_H 1
| #define HAVE_STRINGS_H 1
| #define HAVE_GETHOSTNAME 1
| #define HAVE_WAITPID 1
| #define HAVE_MEMCPY 1
| #define HAVE_MEMCMP 1
| /* end confdefs.h.  */
| /* Define max to an innocuous variant, in case <limits.h> declares max.
|    For example, HP-UX 11i <limits.h> declares gettimeofday.  */
| #define max innocuous_max
| 
| /* System header to define __stub macros and hopefully few prototypes,
|     which can conflict with char max (); below.
|     Prefer <limits.h> to <assert.h> if __STDC__ is defined, since
|     <limits.h> exists even on freestanding compilers.  */
| 
| #ifdef __STDC__
| # include <limits.h>
| #else
| # include <assert.h>
| #endif
| 
| #undef max
| 
| /* Override any gcc2 internal prototype to avoid an error.  */
| #ifdef __cplusplus
| extern "C"
| {
| #endif
| /* We use char because int might match the return type of a gcc2
|    builtin and then its argument prototype would still apply.  */
| char max ();
| /* The GNU C library defines this for functions which it implements
|     to always fail with ENOSYS.  Some functions are actually named
|     something starting with __ and the normal name is an alias.  */
| #if defined (__stub_max) || defined (__stub___max)
| choke me
| #else
| char (*f) () = max;
| #endif
| #ifdef __cplusplus
| }
| #endif
| 
| int
| main ()
| {
| return f != max;
|   ;
|   return 0;
| }
configure:23521: result: no
configure:23433: checking for index
configure:23490: gcc -o conftest -g -O2 -Wall   conftest.c  -lpthread -lpthread -lslang -lm -lslang >&5
conftest.c:91: warning: conflicting types for built-in function 'index'
configure:23496: $? = 0
configure:23500: test -z 
			 || test ! -s conftest.err
configure:23503: $? = 0
configure:23506: test -s conftest
configure:23509: $? = 0
configure:23521: result: yes
configure:23433: checking for sincos
configure:23490: gcc -o conftest -g -O2 -Wall   conftest.c  -lpthread -lpthread -lslang -lm -lslang >&5
conftest.c:92: warning: conflicting types for built-in function 'sincos'
configure:23496: $? = 0
configure:23500: test -z 
			 || test ! -s conftest.err
configure:23503: $? = 0
configure:23506: test -s conftest
configure:23509: $? = 0
configure:23521: result: yes
configure:23433: checking for strchr
configure:23490: gcc -o conftest -g -O2 -Wall   conftest.c  -lpthread -lpthread -lslang -lm -lslang >&5
conftest.c:93: warning: conflicting types for built-in function 'strchr'
configure:23496: $? = 0
configure:23500: test -z 
			 || test ! -s conftest.err
configure:23503: $? = 0
configure:23506: test -s conftest
configure:23509: $? = 0
configure:23521: result: yes
configure:23433: checking for strcmp
configure:23490: gcc -o conftest -g -O2 -Wall   conftest.c  -lpthread -lpthread -lslang -lm -lslang >&5
conftest.c:94: warning: conflicting types for built-in function 'strcmp'
configure:23496: $? = 0
configure:23500: test -z 
			 || test ! -s conftest.err
configure:23503: $? = 0
configure:23506: test -s conftest
configure:23509: $? = 0
configure:23521: result: yes
configure:23433: checking for strcpy
configure:23490: gcc -o conftest -g -O2 -Wall   conftest.c  -lpthread -lpthread -lslang -lm -lslang >&5
conftest.c:95: warning: conflicting types for built-in function 'strcpy'
configure:23496: $? = 0
configure:23500: test -z 
			 || test ! -s conftest.err
configure:23503: $? = 0
configure:23506: test -s conftest
configure:23509: $? = 0
configure:23521: result: yes
configure:23433: checking for strpbrk
configure:23490: gcc -o conftest -g -O2 -Wall   conftest.c  -lpthread -lpthread -lslang -lm -lslang >&5
conftest.c:96: warning: conflicting types for built-in function 'strpbrk'
configure:23496: $? = 0
configure:23500: test -z 
			 || test ! -s conftest.err
configure:23503: $? = 0
configure:23506: test -s conftest
configure:23509: $? = 0
configure:23521: result: yes
configure:23433: checking for strsep
configure:23490: gcc -o conftest -g -O2 -Wall   conftest.c  -lpthread -lpthread -lslang -lm -lslang >&5
configure:23496: $? = 0
configure:23500: test -z 
			 || test ! -s conftest.err
configure:23503: $? = 0
configure:23506: test -s conftest
configure:23509: $? = 0
configure:23521: result: yes
configure:23433: checking for strcasecmp
configure:23490: gcc -o conftest -g -O2 -Wall   conftest.c  -lpthread -lpthread -lslang -lm -lslang >&5
conftest.c:98: warning: conflicting types for built-in function 'strcasecmp'
configure:23496: $? = 0
configure:23500: test -z 
			 || test ! -s conftest.err
configure:23503: $? = 0
configure:23506: test -s conftest
configure:23509: $? = 0
configure:23521: result: yes
configure:23433: checking for strncasecmp
configure:23490: gcc -o conftest -g -O2 -Wall   conftest.c  -lpthread -lpthread -lslang -lm -lslang >&5
conftest.c:99: warning: conflicting types for built-in function 'strncasecmp'
configure:23496: $? = 0
configure:23500: test -z 
			 || test ! -s conftest.err
configure:23503: $? = 0
configure:23506: test -s conftest
configure:23509: $? = 0
configure:23521: result: yes
configure:23433: checking for strdup
configure:23490: gcc -o conftest -g -O2 -Wall   conftest.c  -lpthread -lpthread -lslang -lm -lslang >&5
conftest.c:100: warning: conflicting types for built-in function 'strdup'
configure:23496: $? = 0
configure:23500: test -z 
			 || test ! -s conftest.err
configure:23503: $? = 0
configure:23506: test -s conftest
configure:23509: $? = 0
configure:23521: result: yes
configure:23433: checking for strndup
configure:23490: gcc -o conftest -g -O2 -Wall   conftest.c  -lpthread -lpthread -lslang -lm -lslang >&5
conftest.c:101: warning: conflicting types for built-in function 'strndup'
configure:23496: $? = 0
configure:23500: test -z 
			 || test ! -s conftest.err
configure:23503: $? = 0
configure:23506: test -s conftest
configure:23509: $? = 0
configure:23521: result: yes
configure:23826: checking for bcopy
configure:23883: gcc -o conftest -g -O2 -Wall   conftest.c  -lpthread -lpthread -lslang -lm -lslang >&5
conftest.c:103: warning: conflicting types for built-in function 'bcopy'
configure:23889: $? = 0
configure:23893: test -z 
			 || test ! -s conftest.err
configure:23896: $? = 0
configure:23899: test -s conftest
configure:23902: $? = 0
configure:23914: result: yes
configure:23826: checking for bcmp
configure:23883: gcc -o conftest -g -O2 -Wall   conftest.c  -lpthread -lpthread -lslang -lm -lslang >&5
conftest.c:104: warning: conflicting types for built-in function 'bcmp'
configure:23889: $? = 0
configure:23893: test -z 
			 || test ! -s conftest.err
configure:23896: $? = 0
configure:23899: test -s conftest
configure:23902: $? = 0
configure:23914: result: yes
configure:23826: checking for strlen
configure:23883: gcc -o conftest -g -O2 -Wall   conftest.c  -lpthread -lpthread -lslang -lm -lslang >&5
conftest.c:105: warning: conflicting types for built-in function 'strlen'
configure:23889: $? = 0
configure:23893: test -z 
			 || test ! -s conftest.err
configure:23896: $? = 0
configure:23899: test -s conftest
configure:23902: $? = 0
configure:23914: result: yes
configure:23826: checking for strncmp
configure:23883: gcc -o conftest -g -O2 -Wall   conftest.c  -lpthread -lpthread -lslang -lm -lslang >&5
conftest.c:106: warning: conflicting types for built-in function 'strncmp'
configure:23889: $? = 0
configure:23893: test -z 
			 || test ! -s conftest.err
configure:23896: $? = 0
configure:23899: test -s conftest
configure:23902: $? = 0
configure:23914: result: yes
configure:23826: checking for strncpy
configure:23883: gcc -o conftest -g -O2 -Wall   conftest.c  -lpthread -lpthread -lslang -lm -lslang >&5
conftest.c:107: warning: conflicting types for built-in function 'strncpy'
configure:23889: $? = 0
configure:23893: test -z 
			 || test ! -s conftest.err
configure:23896: $? = 0
configure:23899: test -s conftest
configure:23902: $? = 0
configure:23914: result: yes
configure:23826: checking for memset
configure:23883: gcc -o conftest -g -O2 -Wall   conftest.c  -lpthread -lpthread -lslang -lm -lslang >&5
conftest.c:108: warning: conflicting types for built-in function 'memset'
configure:23889: $? = 0
configure:23893: test -z 
			 || test ! -s conftest.err
configure:23896: $? = 0
configure:23899: test -s conftest
configure:23902: $? = 0
configure:23914: result: yes
configure:23826: checking for usleep
configure:23883: gcc -o conftest -g -O2 -Wall   conftest.c  -lpthread -lpthread -lslang -lm -lslang >&5
configure:23889: $? = 0
configure:23893: test -z 
			 || test ! -s conftest.err
configure:23896: $? = 0
configure:23899: test -s conftest
configure:23902: $? = 0
configure:23914: result: yes
configure:23929: checking whether to apply processor specific optimisations
configure:23953: result: yes - i686
configure:23981: checking memory alignment
configure:24008: gcc -o conftest -g -O2 -Wall -mcpu=pentiumpro   conftest.c  -lpthread -lpthread -lslang -lm -lslang >&5
`-mcpu=' is deprecated. Use `-mtune=' or '-march=' instead.
configure:24011: $? = 0
configure:24013: ./conftest
configure:24016: $? = 0
configure:24031: result: 4
configure:24045: checking for working stdbool.h
configure:24066: gcc -c -g -O2 -Wall -mcpu=pentiumpro  conftest.c >&5
`-mcpu=' is deprecated. Use `-mtune=' or '-march=' instead.
conftest.c: In function 'main':
conftest.c:91: warning: unused variable 'blah'
configure:24072: $? = 0
configure:24076: test -z 
			 || test ! -s conftest.err
configure:24079: $? = 0
configure:24082: test -s conftest.o
configure:24085: $? = 0
configure:24096: result: yes
configure:24107: checking for built-in _Bool type
configure:24128: gcc -c -g -O2 -Wall -mcpu=pentiumpro  conftest.c >&5
`-mcpu=' is deprecated. Use `-mtune=' or '-march=' instead.
conftest.c: In function 'main':
conftest.c:92: warning: unused variable 'blah'
configure:24134: $? = 0
configure:24138: test -z 
			 || test ! -s conftest.err
configure:24141: $? = 0
configure:24144: test -s conftest.o
configure:24147: $? = 0
configure:24158: result: yes
configure:24347: creating ./config.status

## ---------------------- ##
## Running config.status. ##
## ---------------------- ##

This file was extended by gaul-devel config.status 0.1849, which was
generated by GNU Autoconf 2.59.  Invocation command line was

  CONFIG_FILES    = 
  CONFIG_HEADERS  = 
  CONFIG_LINKS    = 
  CONFIG_COMMANDS = 
  $ ./config.status 

on szekeres-laptop

config.status:813: creating Makefile
config.status:813: creating util/Makefile
config.status:813: creating src/Makefile
config.status:813: creating tests/Makefile
config.status:813: creating debian/Makefile
config.status:917: creating config.h
config.status:1189: config.h is unchanged
config.status:917: creating util/gaul/gaul_config.h
config.status:1369: executing depfiles commands
config.status:1369: executing default-1 commands
config.status:1369: executing default commands

## ---------------- ##
## Cache variables. ##
## ---------------- ##

ac_cv_build=i686-pc-linux-gnu
ac_cv_build_alias=i686-pc-linux-gnu
ac_cv_c_compiler_gnu=yes
ac_cv_c_const=yes
ac_cv_cxx_compiler_gnu=yes
ac_cv_env_CC_set=
ac_cv_env_CC_value=
ac_cv_env_CFLAGS_set=
ac_cv_env_CFLAGS_value=
ac_cv_env_CPPFLAGS_set=
ac_cv_env_CPPFLAGS_value=
ac_cv_env_CPP_set=
ac_cv_env_CPP_value=
ac_cv_env_CXXCPP_set=
ac_cv_env_CXXCPP_value=
ac_cv_env_CXXFLAGS_set=
ac_cv_env_CXXFLAGS_value=
ac_cv_env_CXX_set=
ac_cv_env_CXX_value=
ac_cv_env_F77_set=
ac_cv_env_F77_value=
ac_cv_env_FFLAGS_set=
ac_cv_env_FFLAGS_value=
ac_cv_env_LDFLAGS_set=
ac_cv_env_LDFLAGS_value=
ac_cv_env_build_alias_set=
ac_cv_env_build_alias_value=
ac_cv_env_host_alias_set=
ac_cv_env_host_alias_value=
ac_cv_env_target_alias_set=
ac_cv_env_target_alias_value=
ac_cv_exeext=
ac_cv_f77_compiler_gnu=no
ac_cv_func_bcmp=yes
ac_cv_func_bcopy=yes
ac_cv_func_gethostname=yes
ac_cv_func_index=yes
ac_cv_func_max=no
ac_cv_func_memcmp=yes
ac_cv_func_memcpy=yes
ac_cv_func_memset=yes
ac_cv_func_min=no
ac_cv_func_sincos=yes
ac_cv_func_snooze=no
ac_cv_func_strcasecmp=yes
ac_cv_func_strchr=yes
ac_cv_func_strcmp=yes
ac_cv_func_strcpy=yes
ac_cv_func_strdup=yes
ac_cv_func_strlen=yes
ac_cv_func_strncasecmp=yes
ac_cv_func_strncmp=yes
ac_cv_func_strncpy=yes
ac_cv_func_strndup=yes
ac_cv_func_strpbrk=yes
ac_cv_func_strsep=yes
ac_cv_func_usleep=yes
ac_cv_func_waitpid=yes
ac_cv_header_dlfcn_h=yes
ac_cv_header_inttypes_h=yes
ac_cv_header_limits_h=yes
ac_cv_header_memory_h=yes
ac_cv_header_pwd_h=yes
ac_cv_header_stdc=yes
ac_cv_header_stdint_h=yes
ac_cv_header_stdlib_h=yes
ac_cv_header_string_h=yes
ac_cv_header_strings_h=yes
ac_cv_header_sys_select_h=yes
ac_cv_header_sys_signal_h=yes
ac_cv_header_sys_stat_h=yes
ac_cv_header_sys_time_h=yes
ac_cv_header_sys_types_h=yes
ac_cv_header_sys_wait_h=yes
ac_cv_header_time=yes
ac_cv_header_unistd_h=yes
ac_cv_host=i686-pc-linux-gnu
ac_cv_host_alias=i686-pc-linux-gnu
ac_cv_lib_pthread_pthread_create=yes
ac_cv_lib_slang_SLang_init_slang=yes
ac_cv_objext=o
ac_cv_path_install='/usr/bin/install -c'
ac_cv_prog_AWK=mawk
ac_cv_prog_CPP='gcc -E'
ac_cv_prog_CXXCPP='g++ -E'
ac_cv_prog_ac_ct_AR=ar
ac_cv_prog_ac_ct_CC=gcc
ac_cv_prog_ac_ct_CXX=g++
ac_cv_prog_ac_ct_RANLIB=ranlib
ac_cv_prog_ac_ct_STRIP=strip
ac_cv_prog_cc_g=yes
ac_cv_prog_cc_stdc=
ac_cv_prog_cxx_g=yes
ac_cv_prog_egrep='grep -E'
ac_cv_prog_f77_g=no
ac_cv_prog_make_make_set=yes
ac_cv_sizeof_char=1
ac_cv_sizeof_double=8
ac_cv_sizeof_int=4
ac_cv_sizeof_long=4
ac_cv_sizeof_void_p=4
ac_cv_struct_tm=time.h
ac_cv_target=i686-pc-linux-gnu
ac_cv_target_alias=i686-pc-linux-gnu
ac_cv_type_char=yes
ac_cv_type_double=yes
ac_cv_type_int=yes
ac_cv_type_long=yes
ac_cv_type_void_p=yes
am_cv_CC_dependencies_compiler_type=gcc3
am_cv_CXX_dependencies_compiler_type=gcc3
lt_cv_deplibs_check_method=pass_all
lt_cv_file_magic_cmd='$MAGIC_CMD'
lt_cv_file_magic_test_file='/lib/libc.so.6 /lib/libc-2.9.so'
lt_cv_ld_reload_flag=-r
lt_cv_objdir=.libs
lt_cv_path_LD=/usr/bin/ld
lt_cv_path_LDCXX=/usr/bin/ld
lt_cv_path_NM='/usr/bin/nm -B'
lt_cv_path_SED=/bin/sed
lt_cv_prog_compiler_c_o=yes
lt_cv_prog_compiler_c_o_CXX=yes
lt_cv_prog_compiler_rtti_exceptions=no
lt_cv_prog_gnu_ld=yes
lt_cv_prog_gnu_ldcxx=yes
lt_cv_sys_global_symbol_pipe='sed -n -e '\''s/^.*[ 	]\([ABCDGIRSTW][ABCDGIRSTW]*\)[ 	][ 	]*\(\)\([_A-Za-z][_A-Za-z0-9]*\)$/\1 \2\3 \3/p'\'''
lt_cv_sys_global_symbol_to_c_name_address='sed -n -e '\''s/^: \([^ ]*\) $/  {\"\1\", (lt_ptr) 0},/p'\'' -e '\''s/^[BCDEGRST] \([^ ]*\) \([^ ]*\)$/  {"\2", (lt_ptr) \&\2},/p'\'''
lt_cv_sys_global_symbol_to_cdecl='sed -n -e '\''s/^. .* \(.*\)$/extern int \1;/p'\'''
lt_cv_sys_max_cmd_len=32768
lt_lt_cv_prog_compiler_c_o='"yes"'
lt_lt_cv_prog_compiler_c_o_CXX='"yes"'
lt_lt_cv_sys_global_symbol_pipe='"sed -n -e '\''s/^.*[ 	]\\([ABCDGIRSTW][ABCDGIRSTW]*\\)[ 	][ 	]*\\(\\)\\([_A-Za-z][_A-Za-z0-9]*\\)\$/\\1 \\2\\3 \\3/p'\''"'
lt_lt_cv_sys_global_symbol_to_c_name_address='"sed -n -e '\''s/^: \\([^ ]*\\) \$/  {\\\"\\1\\\", (lt_ptr) 0},/p'\'' -e '\''s/^[BCDEGRST] \\([^ ]*\\) \\([^ ]*\\)\$/  {\"\\2\", (lt_ptr) \\&\\2},/p'\''"'
lt_lt_cv_sys_global_symbol_to_cdecl='"sed -n -e '\''s/^. .* \\(.*\\)\$/extern int \\1;/p'\''"'

## ----------------- ##
## Output variables. ##
## ----------------- ##

ACLOCAL='${SHELL} /home/szekeres/Desktop/gaul-devel-0.1849-0/missing --run aclocal-1.9'
AMDEPBACKSLASH='\'
AMDEP_FALSE='#'
AMDEP_TRUE=''
AMTAR='${SHELL} /home/szekeres/Desktop/gaul-devel-0.1849-0/missing --run tar'
AR='ar'
AS='as'
AUTOCONF='${SHELL} /home/szekeres/Desktop/gaul-devel-0.1849-0/missing --run autoconf'
AUTOHEADER='${SHELL} /home/szekeres/Desktop/gaul-devel-0.1849-0/missing --run autoheader'
AUTOMAKE='${SHELL} /home/szekeres/Desktop/gaul-devel-0.1849-0/missing --run automake-1.9'
AWK='mawk'
CC='gcc'
CCDEPMODE='depmode=gcc3'
CFLAGS='-g -O2 -Wall -mcpu=pentiumpro  -I/usr/include/slang/'
CPP='gcc -E'
CPPFLAGS=''
CXX='g++'
CXXCPP='g++ -E'
CXXDEPMODE='depmode=gcc3'
CXXFLAGS='-g -O2'
CYGPATH_W='echo'
DEFS='-DHAVE_CONFIG_H'
DEPDIR='.deps'
DLLTOOL='dlltool'
ECHO='echo'
ECHO_C=''
ECHO_N='-n'
ECHO_T=''
EGREP='grep -E'
EXEEXT=''
F77=''
FFLAGS=''
GA_BUILD_DATE_STRING=''
GA_LT_MINOR_VERSION='49'
GA_MAJOR_VERSION='0'
GA_MINOR_VERSION='1849'
GA_NUM_PROCESSES_ENVVAR_STRING='GA_NUM_PROCESSES'
GA_PATCH_VERSION='0'
GA_UNAME_STRING=''
GA_VERSION='0.1849-0'
GA_VERSION_STRING=''
HAVE_MPI='0'
HAVE_PTHREADS='1'
HAVE_SLANG='1'
INSTALL_DATA='${INSTALL} -m 644'
INSTALL_PROGRAM='${INSTALL}'
INSTALL_SCRIPT='${INSTALL}'
INSTALL_STRIP_PROGRAM='${SHELL} $(install_sh) -c -s'
LDFLAGS=''
LIBOBJS=''
LIBS=' -lpthread -lpthread -lslang -lm -lslang'
LIBTOOL='$(SHELL) $(top_builddir)/libtool'
LN_S='ln -s'
LTLIBOBJS=''
LT_CURRENT='0'
LT_RELEASE='0.49'
LT_REVISION='0'
MAKEINFO='${SHELL} /home/szekeres/Desktop/gaul-devel-0.1849-0/missing --run makeinfo'
MEMORY_ALLOC_DEBUG='0'
MEMORY_ALLOC_SAFE='1'
MEMORY_CHUNKS_MIMIC='0'
MPIFLAGS=''
MPILIBS=''
OBJDUMP='objdump'
OBJEXT='o'
PACKAGE='gaul-devel'
PACKAGE_BUGREPORT='gaul@linux-domain.com'
PACKAGE_NAME='gaul-devel'
PACKAGE_STRING='gaul-devel 0.1849'
PACKAGE_TARNAME='gaul-devel'
PACKAGE_VERSION='0.1849'
PATH_SEPARATOR=':'
RANLIB='ranlib'
SET_MAKE=''
SHELL='/bin/bash'
STRIP='strip'
USE_CHROMO_CHUNKS='0'
USE_OPENMP='0'
V3_QUICK=''
VERSION='0.1849-0'
W32_CRIPPLED='0'
ac_ct_AR='ar'
ac_ct_AS=''
ac_ct_CC='gcc'
ac_ct_CXX='g++'
ac_ct_DLLTOOL=''
ac_ct_F77=''
ac_ct_OBJDUMP=''
ac_ct_RANLIB='ranlib'
ac_ct_STRIP='strip'
am__fastdepCC_FALSE='#'
am__fastdepCC_TRUE=''
am__fastdepCXX_FALSE='#'
am__fastdepCXX_TRUE=''
am__include='include'
am__leading_dot='.'
am__quote=''
am__tar='${AMTAR} chof - "$$tardir"'
am__untar='${AMTAR} xf -'
bindir='${exec_prefix}/bin'
build='i686-pc-linux-gnu'
build_alias=''
build_cpu='i686'
build_os='linux-gnu'
build_vendor='pc'
datadir='${prefix}/share'
exec_prefix='${prefix}'
host='i686-pc-linux-gnu'
host_alias=''
host_cpu='i686'
host_os='linux-gnu'
host_vendor='pc'
includedir='${prefix}/include'
infodir='${prefix}/info'
install_sh='/home/szekeres/Desktop/gaul-devel-0.1849-0/install-sh'
libdir='${exec_prefix}/lib'
libexecdir='${exec_prefix}/libexec'
localstatedir='${prefix}/var'
mandir='${prefix}/man'
mkdir_p='mkdir -p --'
oldincludedir='/usr/include'
prefix='/usr/local'
program_transform_name='s,x,x,'
sbindir='${exec_prefix}/sbin'
sharedstatedir='${prefix}/com'
sysconfdir='${prefix}/etc'
target='i686-pc-linux-gnu'
target_alias=''
target_cpu='i686'
target_os='linux-gnu'
target_vendor='pc'

## ----------- ##
## confdefs.h. ##
## ----------- ##

#define DEBUG 0
#define GA_BUILD_DATE_STRING "08/01/10"
#define GA_DEBUG 0
#define GA_DEFAULT_NUM_PROCESSES 8
#define GA_DEFAULT_NUM_THREADS 4
#define GA_LT_MINOR_VERSION 49
#define GA_MAJOR_VERSION 0
#define GA_MINOR_VERSION 1849
#define GA_NUM_PROCESSES_ENVVAR_STRING GA_NUM_PROCESSES
#define GA_NUM_THREADS_ENVVAR_STRING GA_NUM_THREADS
#define GA_PATCH_VERSION 0
#define GA_UNAME_STRING "Linux szekeres-laptop 2.6.28-11-generic #42-Ubuntu SMP Fri Apr 17 01:57:59 UTC 2009 i686 GNU/Linux"
#define GA_VERSION_STRING "0.1849-0"
#define GA_WRITE_STATS 0
#define HAVE_BCMP 1
#define HAVE_BCOPY 1
#define HAVE_DLFCN_H 1
#define HAVE_GETHOSTNAME 1
#define HAVE_INDEX 1
#define HAVE_INTTYPES_H 1
#define HAVE_LIMITS_H 1
#define HAVE_MEMCMP 1
#define HAVE_MEMCPY 1
#define HAVE_MEMORY_H 1
#define HAVE_MEMSET 1
#define HAVE_MPI 0
#define HAVE_PTHREADS 1
#define HAVE_PWD_H 1
#define HAVE_SINCOS 1
#define HAVE_SLANG 1
#define HAVE_STDBOOL_H 1
#define HAVE_STDINT_H 1
#define HAVE_STDLIB_H 1
#define HAVE_STRCASECMP 1
#define HAVE_STRCHR 1
#define HAVE_STRCMP 1
#define HAVE_STRCPY 1
#define HAVE_STRDUP 1
#define HAVE_STRINGS_H 1
#define HAVE_STRINGS_H 1
#define HAVE_STRING_H 1
#define HAVE_STRING_H 1
#define HAVE_STRLEN 1
#define HAVE_STRNCASECMP 1
#define HAVE_STRNCMP 1
#define HAVE_STRNCPY 1
#define HAVE_STRNDUP 1
#define HAVE_STRPBRK 1
#define HAVE_STRSEP 1
#define HAVE_SYS_SELECT_H 1
#define HAVE_SYS_SIGNAL_H 1
#define HAVE_SYS_STAT_H 1
#define HAVE_SYS_TIME_H 1
#define HAVE_SYS_TYPES_H 1
#define HAVE_SYS_TYPES_H 1
#define HAVE_SYS_WAIT_H 1
#define HAVE_UNISTD_H 1
#define HAVE_UNISTD_H 1
#define HAVE_USLEEP 1
#define HAVE_WAITPID 1
#define HAVE__BOOL 1
#define MEMORY_ALIGN_SIZE 4
#define MEMORY_ALLOC_DEBUG 0
#define MEMORY_ALLOC_SAFE 1
#define MEMORY_PADDING 0
#define PACKAGE_BUGREPORT "gaul@linux-domain.com"
#define PACKAGE_NAME "gaul-devel"
#define PACKAGE_STRING "gaul-devel 0.1849"
#define PACKAGE_TARNAME "gaul-devel"
#define PACKAGE_VERSION "0.1849"
#define SIZEOF_CHAR 1
#define SIZEOF_DOUBLE 8
#define SIZEOF_INT 4
#define SIZEOF_LONG 4
#define SIZEOF_VOID_P 4
#define STDC_HEADERS 1
#define STDC_HEADERS 1
#define SUN_FORTE_C 0
#define TIME_WITH_SYS_TIME 1
#define USE_CHROMO_CHUNKS 0
#define USE_OPENMP 0
#define W32_CRIPPLED 0
#endif
#ifdef __cplusplus
extern "C" void exit (int) throw ();

configure: exit 0
